{"/Users/caoyi/Desktop/S16-SV1-SSNoC/db/init_db.js":{"path":"/Users/caoyi/Desktop/S16-SV1-SSNoC/db/init_db.js","s":{"1":1,"2":1,"3":1,"4":6,"5":6,"6":6,"7":6,"8":6,"9":6,"10":6,"11":6,"12":6,"13":6,"14":6,"15":6,"16":6,"17":6,"18":6,"19":6,"20":6,"21":6,"22":6,"23":6,"24":6,"25":6},"b":{"1":[6,0],"2":[6,0]},"f":{"1":6,"2":6,"3":6},"fnMap":{"1":{"name":"(anonymous_1)","line":5,"loc":{"start":{"line":5,"column":12},"end":{"line":5,"column":30}}},"2":{"name":"(anonymous_2)","line":20,"loc":{"start":{"line":20,"column":19},"end":{"line":20,"column":30}}},"3":{"name":"(anonymous_3)","line":33,"loc":{"start":{"line":33,"column":11},"end":{"line":33,"column":29}}}},"statementMap":{"1":{"start":{"line":1,"column":0},"end":{"line":1,"column":23}},"2":{"start":{"line":2,"column":0},"end":{"line":2,"column":43}},"3":{"start":{"line":4,"column":0},"end":{"line":42,"column":2}},"4":{"start":{"line":6,"column":4},"end":{"line":6,"column":50}},"5":{"start":{"line":7,"column":4},"end":{"line":7,"column":43}},"6":{"start":{"line":8,"column":4},"end":{"line":8,"column":40}},"7":{"start":{"line":13,"column":4},"end":{"line":13,"column":47}},"8":{"start":{"line":14,"column":4},"end":{"line":14,"column":53}},"9":{"start":{"line":15,"column":4},"end":{"line":15,"column":69}},"10":{"start":{"line":16,"column":4},"end":{"line":16,"column":63}},"11":{"start":{"line":17,"column":4},"end":{"line":17,"column":49}},"12":{"start":{"line":18,"column":4},"end":{"line":18,"column":49}},"13":{"start":{"line":19,"column":4},"end":{"line":28,"column":5}},"14":{"start":{"line":20,"column":6},"end":{"line":27,"column":9}},"15":{"start":{"line":21,"column":8},"end":{"line":21,"column":33}},"16":{"start":{"line":22,"column":8},"end":{"line":22,"column":36}},"17":{"start":{"line":23,"column":8},"end":{"line":23,"column":44}},"18":{"start":{"line":24,"column":8},"end":{"line":24,"column":41}},"19":{"start":{"line":25,"column":8},"end":{"line":25,"column":34}},"20":{"start":{"line":26,"column":8},"end":{"line":26,"column":35}},"21":{"start":{"line":30,"column":4},"end":{"line":30,"column":14}},"22":{"start":{"line":34,"column":4},"end":{"line":34,"column":45}},"23":{"start":{"line":35,"column":4},"end":{"line":35,"column":40}},"24":{"start":{"line":38,"column":4},"end":{"line":40,"column":5}},"25":{"start":{"line":39,"column":6},"end":{"line":39,"column":29}}},"branchMap":{"1":{"line":19,"type":"if","locations":[{"start":{"line":19,"column":4},"end":{"line":19,"column":4}},{"start":{"line":19,"column":4},"end":{"line":19,"column":4}}]},"2":{"line":38,"type":"if","locations":[{"start":{"line":38,"column":4},"end":{"line":38,"column":4}},{"start":{"line":38,"column":4},"end":{"line":38,"column":4}}]}}},"/Users/caoyi/Desktop/S16-SV1-SSNoC/config/global.js":{"path":"/Users/caoyi/Desktop/S16-SV1-SSNoC/config/global.js","s":{"1":1,"2":1,"3":1,"4":1,"5":1},"b":{},"f":{},"fnMap":{},"statementMap":{"1":{"start":{"line":1,"column":0},"end":{"line":1,"column":27}},"2":{"start":{"line":3,"column":0},"end":{"line":8,"column":2}},"3":{"start":{"line":10,"column":0},"end":{"line":15,"column":1}},"4":{"start":{"line":17,"column":0},"end":{"line":22,"column":1}},"5":{"start":{"line":24,"column":0},"end":{"line":29,"column":1}}},"branchMap":{}},"/Users/caoyi/Desktop/S16-SV1-SSNoC/app.js":{"path":"/Users/caoyi/Desktop/S16-SV1-SSNoC/app.js","s":{"1":1,"2":1,"3":1,"4":1,"5":1,"6":1,"7":1,"8":1,"9":1,"10":1,"11":1,"12":1,"13":1,"14":1,"15":1,"16":1,"17":1,"18":1,"19":1,"20":1,"21":1,"22":1,"23":1,"24":1,"25":1,"26":1,"27":1,"28":1,"29":1,"30":1,"31":1,"32":1,"33":1,"34":1,"35":1,"36":1,"37":1,"38":1,"39":1,"40":1,"41":1,"42":0,"43":0,"44":1},"b":{"1":[1,0],"2":[1,0],"3":[0,0]},"f":{"1":1,"2":1,"3":0},"fnMap":{"1":{"name":"(anonymous_1)","line":54,"loc":{"start":{"line":54,"column":8},"end":{"line":54,"column":33}}},"2":{"name":"(anonymous_2)","line":65,"loc":{"start":{"line":65,"column":10},"end":{"line":65,"column":40}}},"3":{"name":"(anonymous_3)","line":76,"loc":{"start":{"line":76,"column":8},"end":{"line":76,"column":38}}}},"statementMap":{"1":{"start":{"line":3,"column":0},"end":{"line":3,"column":33}},"2":{"start":{"line":4,"column":0},"end":{"line":4,"column":27}},"3":{"start":{"line":5,"column":0},"end":{"line":5,"column":39}},"4":{"start":{"line":6,"column":0},"end":{"line":6,"column":31}},"5":{"start":{"line":7,"column":0},"end":{"line":7,"column":44}},"6":{"start":{"line":8,"column":0},"end":{"line":8,"column":41}},"7":{"start":{"line":9,"column":0},"end":{"line":9,"column":55}},"8":{"start":{"line":10,"column":0},"end":{"line":10,"column":40}},"9":{"start":{"line":11,"column":0},"end":{"line":11,"column":20}},"10":{"start":{"line":14,"column":0},"end":{"line":14,"column":48}},"11":{"start":{"line":15,"column":0},"end":{"line":15,"column":31}},"12":{"start":{"line":18,"column":0},"end":{"line":18,"column":64}},"13":{"start":{"line":19,"column":0},"end":{"line":19,"column":23}},"14":{"start":{"line":20,"column":0},"end":{"line":20,"column":27}},"15":{"start":{"line":21,"column":0},"end":{"line":21,"column":52}},"16":{"start":{"line":22,"column":0},"end":{"line":22,"column":24}},"17":{"start":{"line":23,"column":0},"end":{"line":30,"column":4}},"18":{"start":{"line":32,"column":0},"end":{"line":32,"column":56}},"19":{"start":{"line":33,"column":0},"end":{"line":33,"column":66}},"20":{"start":{"line":36,"column":0},"end":{"line":36,"column":39}},"21":{"start":{"line":37,"column":0},"end":{"line":37,"column":38}},"22":{"start":{"line":38,"column":0},"end":{"line":38,"column":44}},"23":{"start":{"line":39,"column":0},"end":{"line":39,"column":54}},"24":{"start":{"line":40,"column":0},"end":{"line":40,"column":40}},"25":{"start":{"line":41,"column":0},"end":{"line":41,"column":40}},"26":{"start":{"line":42,"column":0},"end":{"line":42,"column":21}},"27":{"start":{"line":43,"column":0},"end":{"line":43,"column":25}},"28":{"start":{"line":44,"column":0},"end":{"line":44,"column":31}},"29":{"start":{"line":45,"column":0},"end":{"line":45,"column":41}},"30":{"start":{"line":46,"column":0},"end":{"line":46,"column":27}},"31":{"start":{"line":47,"column":0},"end":{"line":47,"column":28}},"32":{"start":{"line":50,"column":0},"end":{"line":50,"column":50}},"33":{"start":{"line":54,"column":0},"end":{"line":58,"column":3}},"34":{"start":{"line":55,"column":2},"end":{"line":55,"column":35}},"35":{"start":{"line":56,"column":2},"end":{"line":56,"column":19}},"36":{"start":{"line":57,"column":2},"end":{"line":57,"column":12}},"37":{"start":{"line":64,"column":0},"end":{"line":72,"column":1}},"38":{"start":{"line":65,"column":2},"end":{"line":71,"column":5}},"39":{"start":{"line":66,"column":4},"end":{"line":66,"column":34}},"40":{"start":{"line":67,"column":4},"end":{"line":70,"column":7}},"41":{"start":{"line":76,"column":0},"end":{"line":82,"column":3}},"42":{"start":{"line":77,"column":2},"end":{"line":77,"column":32}},"43":{"start":{"line":78,"column":2},"end":{"line":81,"column":5}},"44":{"start":{"line":85,"column":0},"end":{"line":85,"column":21}}},"branchMap":{"1":{"line":64,"type":"if","locations":[{"start":{"line":64,"column":0},"end":{"line":64,"column":0}},{"start":{"line":64,"column":0},"end":{"line":64,"column":0}}]},"2":{"line":66,"type":"binary-expr","locations":[{"start":{"line":66,"column":15},"end":{"line":66,"column":25}},{"start":{"line":66,"column":29},"end":{"line":66,"column":32}}]},"3":{"line":77,"type":"binary-expr","locations":[{"start":{"line":77,"column":13},"end":{"line":77,"column":23}},{"start":{"line":77,"column":27},"end":{"line":77,"column":30}}]}}},"/Users/caoyi/Desktop/S16-SV1-SSNoC/routes/index.js":{"path":"/Users/caoyi/Desktop/S16-SV1-SSNoC/routes/index.js","s":{"1":1,"2":1,"3":1,"4":1,"5":1,"6":1,"7":1,"8":1,"9":1,"10":1,"11":1},"b":{},"f":{"1":1,"2":1,"3":1,"4":1},"fnMap":{"1":{"name":"(anonymous_1)","line":7,"loc":{"start":{"line":7,"column":16},"end":{"line":7,"column":41}}},"2":{"name":"(anonymous_2)","line":11,"loc":{"start":{"line":11,"column":30},"end":{"line":11,"column":50}}},"3":{"name":"(anonymous_3)","line":16,"loc":{"start":{"line":16,"column":22},"end":{"line":16,"column":41}}},"4":{"name":"(anonymous_4)","line":17,"loc":{"start":{"line":17,"column":24},"end":{"line":17,"column":35}}}},"statementMap":{"1":{"start":{"line":3,"column":0},"end":{"line":3,"column":33}},"2":{"start":{"line":4,"column":0},"end":{"line":4,"column":30}},"3":{"start":{"line":7,"column":0},"end":{"line":9,"column":3}},"4":{"start":{"line":8,"column":2},"end":{"line":8,"column":23}},"5":{"start":{"line":11,"column":0},"end":{"line":14,"column":3}},"6":{"start":{"line":12,"column":1},"end":{"line":12,"column":28}},"7":{"start":{"line":13,"column":1},"end":{"line":13,"column":32}},"8":{"start":{"line":16,"column":0},"end":{"line":20,"column":3}},"9":{"start":{"line":17,"column":1},"end":{"line":19,"column":4}},"10":{"start":{"line":18,"column":2},"end":{"line":18,"column":22}},"11":{"start":{"line":22,"column":0},"end":{"line":22,"column":24}}},"branchMap":{}},"/Users/caoyi/Desktop/S16-SV1-SSNoC/routes/users.js":{"path":"/Users/caoyi/Desktop/S16-SV1-SSNoC/routes/users.js","s":{"1":1,"2":1,"3":1,"4":1,"5":1,"6":1,"7":1,"8":1,"9":1},"b":{},"f":{},"fnMap":{},"statementMap":{"1":{"start":{"line":1,"column":0},"end":{"line":1,"column":33}},"2":{"start":{"line":2,"column":0},"end":{"line":2,"column":30}},"3":{"start":{"line":3,"column":0},"end":{"line":3,"column":65}},"4":{"start":{"line":6,"column":0},"end":{"line":6,"column":44}},"5":{"start":{"line":7,"column":0},"end":{"line":7,"column":47}},"6":{"start":{"line":8,"column":0},"end":{"line":8,"column":62}},"7":{"start":{"line":9,"column":0},"end":{"line":9,"column":57}},"8":{"start":{"line":10,"column":0},"end":{"line":10,"column":55}},"9":{"start":{"line":12,"column":0},"end":{"line":12,"column":24}}},"branchMap":{}},"/Users/caoyi/Desktop/S16-SV1-SSNoC/controllers/userController.js":{"path":"/Users/caoyi/Desktop/S16-SV1-SSNoC/controllers/userController.js","s":{"1":1,"2":1,"3":1,"4":1,"5":1,"6":0,"7":1,"8":1,"9":1,"10":0,"11":2,"12":2,"13":2,"14":0,"15":2,"16":1,"17":1,"18":3,"19":3,"20":3,"21":0,"22":3,"23":1,"24":1,"25":0,"26":1,"27":1,"28":1,"29":0,"30":2,"31":2,"32":0,"33":2,"34":2,"35":0,"36":2},"b":{"1":[0,1],"2":[1,0],"3":[0,2],"4":[1,1],"5":[0,3],"6":[1,2],"7":[0,1],"8":[1,0],"9":[0,2],"10":[0,2]},"f":{"1":1,"2":1,"3":1,"4":2,"5":2,"6":3,"7":3,"8":1,"9":2,"10":2},"fnMap":{"1":{"name":"(anonymous_1)","line":7,"loc":{"start":{"line":7,"column":17},"end":{"line":7,"column":37}}},"2":{"name":"(anonymous_2)","line":8,"loc":{"start":{"line":8,"column":25},"end":{"line":8,"column":49}}},"3":{"name":"(anonymous_3)","line":17,"loc":{"start":{"line":17,"column":17},"end":{"line":17,"column":37}}},"4":{"name":"(anonymous_4)","line":27,"loc":{"start":{"line":27,"column":19},"end":{"line":27,"column":38}}},"5":{"name":"(anonymous_5)","line":29,"loc":{"start":{"line":29,"column":27},"end":{"line":29,"column":50}}},"6":{"name":"(anonymous_6)","line":42,"loc":{"start":{"line":42,"column":19},"end":{"line":42,"column":39}}},"7":{"name":"(anonymous_7)","line":47,"loc":{"start":{"line":47,"column":27},"end":{"line":47,"column":51}}},"8":{"name":"(anonymous_8)","line":53,"loc":{"start":{"line":53,"column":38},"end":{"line":53,"column":66}}},"9":{"name":"(anonymous_9)","line":67,"loc":{"start":{"line":67,"column":36},"end":{"line":67,"column":61}}},"10":{"name":"(anonymous_10)","line":71,"loc":{"start":{"line":71,"column":48},"end":{"line":71,"column":73}}}},"statementMap":{"1":{"start":{"line":3,"column":0},"end":{"line":3,"column":37}},"2":{"start":{"line":4,"column":0},"end":{"line":4,"column":41}},"3":{"start":{"line":6,"column":0},"end":{"line":84,"column":2}},"4":{"start":{"line":8,"column":8},"end":{"line":14,"column":11}},"5":{"start":{"line":9,"column":12},"end":{"line":13,"column":13}},"6":{"start":{"line":10,"column":16},"end":{"line":10,"column":36}},"7":{"start":{"line":12,"column":16},"end":{"line":12,"column":44}},"8":{"start":{"line":18,"column":8},"end":{"line":24,"column":9}},"9":{"start":{"line":19,"column":12},"end":{"line":21,"column":15}},"10":{"start":{"line":23,"column":12},"end":{"line":23,"column":32}},"11":{"start":{"line":28,"column":8},"end":{"line":28,"column":49}},"12":{"start":{"line":29,"column":8},"end":{"line":39,"column":11}},"13":{"start":{"line":30,"column":12},"end":{"line":38,"column":13}},"14":{"start":{"line":31,"column":16},"end":{"line":31,"column":52}},"15":{"start":{"line":33,"column":16},"end":{"line":37,"column":17}},"16":{"start":{"line":34,"column":20},"end":{"line":34,"column":57}},"17":{"start":{"line":36,"column":20},"end":{"line":36,"column":65}},"18":{"start":{"line":45,"column":8},"end":{"line":45,"column":66}},"19":{"start":{"line":47,"column":8},"end":{"line":82,"column":11}},"20":{"start":{"line":48,"column":12},"end":{"line":81,"column":13}},"21":{"start":{"line":49,"column":16},"end":{"line":49,"column":52}},"22":{"start":{"line":51,"column":16},"end":{"line":80,"column":17}},"23":{"start":{"line":53,"column":20},"end":{"line":64,"column":23}},"24":{"start":{"line":54,"column":24},"end":{"line":63,"column":25}},"25":{"start":{"line":55,"column":28},"end":{"line":55,"column":64}},"26":{"start":{"line":57,"column":28},"end":{"line":62,"column":29}},"27":{"start":{"line":58,"column":32},"end":{"line":58,"column":57}},"28":{"start":{"line":59,"column":32},"end":{"line":59,"column":62}},"29":{"start":{"line":61,"column":32},"end":{"line":61,"column":84}},"30":{"start":{"line":67,"column":20},"end":{"line":79,"column":23}},"31":{"start":{"line":68,"column":24},"end":{"line":78,"column":25}},"32":{"start":{"line":69,"column":28},"end":{"line":69,"column":64}},"33":{"start":{"line":71,"column":28},"end":{"line":77,"column":88}},"34":{"start":{"line":72,"column":32},"end":{"line":76,"column":33}},"35":{"start":{"line":73,"column":36},"end":{"line":73,"column":72}},"36":{"start":{"line":75,"column":36},"end":{"line":75,"column":67}}},"branchMap":{"1":{"line":9,"type":"if","locations":[{"start":{"line":9,"column":12},"end":{"line":9,"column":12}},{"start":{"line":9,"column":12},"end":{"line":9,"column":12}}]},"2":{"line":18,"type":"if","locations":[{"start":{"line":18,"column":8},"end":{"line":18,"column":8}},{"start":{"line":18,"column":8},"end":{"line":18,"column":8}}]},"3":{"line":30,"type":"if","locations":[{"start":{"line":30,"column":12},"end":{"line":30,"column":12}},{"start":{"line":30,"column":12},"end":{"line":30,"column":12}}]},"4":{"line":33,"type":"if","locations":[{"start":{"line":33,"column":16},"end":{"line":33,"column":16}},{"start":{"line":33,"column":16},"end":{"line":33,"column":16}}]},"5":{"line":48,"type":"if","locations":[{"start":{"line":48,"column":12},"end":{"line":48,"column":12}},{"start":{"line":48,"column":12},"end":{"line":48,"column":12}}]},"6":{"line":51,"type":"if","locations":[{"start":{"line":51,"column":16},"end":{"line":51,"column":16}},{"start":{"line":51,"column":16},"end":{"line":51,"column":16}}]},"7":{"line":54,"type":"if","locations":[{"start":{"line":54,"column":24},"end":{"line":54,"column":24}},{"start":{"line":54,"column":24},"end":{"line":54,"column":24}}]},"8":{"line":57,"type":"if","locations":[{"start":{"line":57,"column":28},"end":{"line":57,"column":28}},{"start":{"line":57,"column":28},"end":{"line":57,"column":28}}]},"9":{"line":68,"type":"if","locations":[{"start":{"line":68,"column":24},"end":{"line":68,"column":24}},{"start":{"line":68,"column":24},"end":{"line":68,"column":24}}]},"10":{"line":72,"type":"if","locations":[{"start":{"line":72,"column":32},"end":{"line":72,"column":32}},{"start":{"line":72,"column":32},"end":{"line":72,"column":32}}]}}},"/Users/caoyi/Desktop/S16-SV1-SSNoC/models/user.js":{"path":"/Users/caoyi/Desktop/S16-SV1-SSNoC/models/user.js","s":{"1":1,"2":1,"3":20,"4":20,"5":20,"6":1,"7":1,"8":1,"9":1,"10":1,"11":1,"12":1,"13":0,"14":1,"15":4,"16":1,"17":16,"18":1,"19":2,"20":1,"21":1,"22":1,"23":1,"24":1},"b":{"1":[1,0]},"f":{"1":20,"2":1,"3":0,"4":4,"5":16,"6":2,"7":1,"8":1},"fnMap":{"1":{"name":"(anonymous_1)","line":5,"loc":{"start":{"line":5,"column":11},"end":{"line":5,"column":40}}},"2":{"name":"(anonymous_2)","line":21,"loc":{"start":{"line":21,"column":19},"end":{"line":21,"column":37}}},"3":{"name":"(anonymous_3)","line":25,"loc":{"start":{"line":25,"column":15},"end":{"line":25,"column":37}}},"4":{"name":"(anonymous_4)","line":29,"loc":{"start":{"line":29,"column":19},"end":{"line":29,"column":33}}},"5":{"name":"(anonymous_5)","line":33,"loc":{"start":{"line":33,"column":31},"end":{"line":33,"column":49}}},"6":{"name":"(anonymous_6)","line":37,"loc":{"start":{"line":37,"column":28},"end":{"line":37,"column":46}}},"7":{"name":"(anonymous_7)","line":44,"loc":{"start":{"line":44,"column":30},"end":{"line":44,"column":48}}},"8":{"name":"(anonymous_8)","line":52,"loc":{"start":{"line":52,"column":32},"end":{"line":52,"column":46}}}},"statementMap":{"1":{"start":{"line":3,"column":0},"end":{"line":3,"column":40}},"2":{"start":{"line":5,"column":0},"end":{"line":9,"column":2}},"3":{"start":{"line":6,"column":4},"end":{"line":6,"column":25}},"4":{"start":{"line":7,"column":4},"end":{"line":7,"column":29}},"5":{"start":{"line":8,"column":4},"end":{"line":8,"column":29}},"6":{"start":{"line":12,"column":0},"end":{"line":17,"column":1}},"7":{"start":{"line":14,"column":4},"end":{"line":16,"column":5}},"8":{"start":{"line":15,"column":8},"end":{"line":15,"column":31}},"9":{"start":{"line":19,"column":0},"end":{"line":19,"column":52}},"10":{"start":{"line":21,"column":0},"end":{"line":23,"column":2}},"11":{"start":{"line":22,"column":4},"end":{"line":22,"column":45}},"12":{"start":{"line":25,"column":0},"end":{"line":27,"column":2}},"13":{"start":{"line":26,"column":4},"end":{"line":26,"column":56}},"14":{"start":{"line":29,"column":0},"end":{"line":31,"column":2}},"15":{"start":{"line":30,"column":4},"end":{"line":30,"column":88}},"16":{"start":{"line":33,"column":0},"end":{"line":35,"column":2}},"17":{"start":{"line":34,"column":4},"end":{"line":34,"column":75}},"18":{"start":{"line":37,"column":0},"end":{"line":42,"column":2}},"19":{"start":{"line":38,"column":4},"end":{"line":41,"column":7}},"20":{"start":{"line":44,"column":0},"end":{"line":49,"column":2}},"21":{"start":{"line":45,"column":4},"end":{"line":48,"column":7}},"22":{"start":{"line":52,"column":0},"end":{"line":54,"column":2}},"23":{"start":{"line":53,"column":4},"end":{"line":53,"column":35}},"24":{"start":{"line":57,"column":0},"end":{"line":57,"column":22}}},"branchMap":{"1":{"line":14,"type":"if","locations":[{"start":{"line":14,"column":4},"end":{"line":14,"column":4}},{"start":{"line":14,"column":4},"end":{"line":14,"column":4}}]}}},"/Users/caoyi/Desktop/S16-SV1-SSNoC/models/base_model.js":{"path":"/Users/caoyi/Desktop/S16-SV1-SSNoC/models/base_model.js","s":{"1":1,"2":22,"3":1,"4":1,"5":0,"6":0,"7":1},"b":{},"f":{"1":22,"2":0},"fnMap":{"1":{"name":"(anonymous_1)","line":7,"loc":{"start":{"line":7,"column":16},"end":{"line":7,"column":27}}},"2":{"name":"(anonymous_2)","line":15,"loc":{"start":{"line":15,"column":31},"end":{"line":15,"column":44}}}},"statementMap":{"1":{"start":{"line":7,"column":0},"end":{"line":10,"column":1}},"2":{"start":{"line":9,"column":4},"end":{"line":9,"column":37}},"3":{"start":{"line":13,"column":0},"end":{"line":13,"column":38}},"4":{"start":{"line":15,"column":0},"end":{"line":18,"column":2}},"5":{"start":{"line":16,"column":4},"end":{"line":16,"column":17}},"6":{"start":{"line":17,"column":4},"end":{"line":17,"column":22}},"7":{"start":{"line":20,"column":0},"end":{"line":20,"column":27}}},"branchMap":{}},"/Users/caoyi/Desktop/S16-SV1-SSNoC/db/db.js":{"path":"/Users/caoyi/Desktop/S16-SV1-SSNoC/db/db.js","s":{"1":1,"2":1,"3":1,"4":1,"5":1},"b":{},"f":{},"fnMap":{},"statementMap":{"1":{"start":{"line":4,"column":0},"end":{"line":4,"column":44}},"2":{"start":{"line":5,"column":0},"end":{"line":5,"column":37}},"3":{"start":{"line":6,"column":0},"end":{"line":6,"column":39}},"4":{"start":{"line":8,"column":0},"end":{"line":8,"column":35}},"5":{"start":{"line":11,"column":0},"end":{"line":11,"column":43}}},"branchMap":{}},"/Users/caoyi/Desktop/S16-SV1-SSNoC/db/table_users.js":{"path":"/Users/caoyi/Desktop/S16-SV1-SSNoC/db/table_users.js","s":{"1":1,"2":1,"3":6,"4":6,"5":6,"6":1,"7":1,"8":1,"9":1,"10":0,"11":1,"12":1,"13":0,"14":1,"15":16,"16":16,"17":16,"18":0,"19":16,"20":8,"21":8,"22":3,"23":3,"24":3,"25":3,"26":3,"27":0,"28":3,"29":0,"30":3,"31":3,"32":0,"33":3,"34":0,"35":0,"36":0,"37":0,"38":0,"39":0,"40":0,"41":2,"42":2,"43":2,"44":2,"45":2,"46":0,"47":2,"48":0,"49":2},"b":{"1":[0,1],"2":[1,0],"3":[0,16],"4":[8,8],"5":[0,3],"6":[0,3],"7":[0,3],"8":[0,0],"9":[0,0],"10":[0,2],"11":[0,2]},"f":{"1":6,"2":6,"3":1,"4":1,"5":1,"6":16,"7":16,"8":3,"9":3,"10":3,"11":3,"12":0,"13":0,"14":2,"15":2},"fnMap":{"1":{"name":"(anonymous_1)","line":6,"loc":{"start":{"line":6,"column":17},"end":{"line":6,"column":31}}},"2":{"name":"(anonymous_2)","line":8,"loc":{"start":{"line":8,"column":21},"end":{"line":8,"column":33}}},"3":{"name":"(anonymous_3)","line":17,"loc":{"start":{"line":17,"column":14},"end":{"line":17,"column":37}}},"4":{"name":"(anonymous_4)","line":21,"loc":{"start":{"line":21,"column":12},"end":{"line":21,"column":34}}},"5":{"name":"(anonymous_5)","line":29,"loc":{"start":{"line":29,"column":15},"end":{"line":29,"column":27}}},"6":{"name":"(anonymous_6)","line":35,"loc":{"start":{"line":35,"column":19},"end":{"line":35,"column":48}}},"7":{"name":"(anonymous_7)","line":38,"loc":{"start":{"line":38,"column":12},"end":{"line":38,"column":35}}},"8":{"name":"(anonymous_8)","line":49,"loc":{"start":{"line":49,"column":16},"end":{"line":49,"column":45}}},"9":{"name":"(anonymous_9)","line":54,"loc":{"start":{"line":54,"column":21},"end":{"line":54,"column":33}}},"10":{"name":"(anonymous_10)","line":56,"loc":{"start":{"line":56,"column":16},"end":{"line":56,"column":39}}},"11":{"name":"(anonymous_11)","line":65,"loc":{"start":{"line":65,"column":16},"end":{"line":65,"column":33}}},"12":{"name":"(anonymous_12)","line":75,"loc":{"start":{"line":75,"column":13},"end":{"line":75,"column":42}}},"13":{"name":"(anonymous_13)","line":77,"loc":{"start":{"line":77,"column":56},"end":{"line":77,"column":79}}},"14":{"name":"(anonymous_14)","line":88,"loc":{"start":{"line":88,"column":18},"end":{"line":88,"column":47}}},"15":{"name":"(anonymous_15)","line":93,"loc":{"start":{"line":93,"column":89},"end":{"line":93,"column":112}}}},"statementMap":{"1":{"start":{"line":2,"column":0},"end":{"line":2,"column":35}},"2":{"start":{"line":4,"column":0},"end":{"line":104,"column":1}},"3":{"start":{"line":7,"column":8},"end":{"line":7,"column":45}},"4":{"start":{"line":8,"column":8},"end":{"line":14,"column":11}},"5":{"start":{"line":9,"column":12},"end":{"line":13,"column":21}},"6":{"start":{"line":18,"column":8},"end":{"line":18,"column":137}},"7":{"start":{"line":19,"column":8},"end":{"line":19,"column":23}},"8":{"start":{"line":20,"column":8},"end":{"line":32,"column":10}},"9":{"start":{"line":22,"column":16},"end":{"line":28,"column":17}},"10":{"start":{"line":23,"column":20},"end":{"line":23,"column":41}},"11":{"start":{"line":24,"column":23},"end":{"line":28,"column":17}},"12":{"start":{"line":25,"column":20},"end":{"line":25,"column":36}},"13":{"start":{"line":27,"column":20},"end":{"line":27,"column":59}},"14":{"start":{"line":30,"column":16},"end":{"line":30,"column":37}},"15":{"start":{"line":36,"column":8},"end":{"line":36,"column":32}},"16":{"start":{"line":37,"column":8},"end":{"line":46,"column":15}},"17":{"start":{"line":39,"column":16},"end":{"line":45,"column":17}},"18":{"start":{"line":40,"column":20},"end":{"line":40,"column":41}},"19":{"start":{"line":41,"column":23},"end":{"line":45,"column":17}},"20":{"start":{"line":42,"column":20},"end":{"line":42,"column":40}},"21":{"start":{"line":44,"column":20},"end":{"line":44,"column":41}},"22":{"start":{"line":50,"column":8},"end":{"line":50,"column":32}},"23":{"start":{"line":52,"column":8},"end":{"line":52,"column":56}},"24":{"start":{"line":54,"column":8},"end":{"line":72,"column":11}},"25":{"start":{"line":55,"column":12},"end":{"line":62,"column":19}},"26":{"start":{"line":57,"column":20},"end":{"line":61,"column":21}},"27":{"start":{"line":58,"column":24},"end":{"line":58,"column":45}},"28":{"start":{"line":59,"column":27},"end":{"line":61,"column":21}},"29":{"start":{"line":60,"column":24},"end":{"line":60,"column":76}},"30":{"start":{"line":64,"column":12},"end":{"line":71,"column":19}},"31":{"start":{"line":66,"column":20},"end":{"line":70,"column":21}},"32":{"start":{"line":67,"column":24},"end":{"line":67,"column":45}},"33":{"start":{"line":69,"column":24},"end":{"line":69,"column":51}},"34":{"start":{"line":76,"column":8},"end":{"line":76,"column":28}},"35":{"start":{"line":77,"column":8},"end":{"line":85,"column":11}},"36":{"start":{"line":78,"column":12},"end":{"line":84,"column":13}},"37":{"start":{"line":79,"column":16},"end":{"line":79,"column":37}},"38":{"start":{"line":80,"column":19},"end":{"line":84,"column":13}},"39":{"start":{"line":81,"column":16},"end":{"line":81,"column":64}},"40":{"start":{"line":83,"column":16},"end":{"line":83,"column":39}},"41":{"start":{"line":89,"column":8},"end":{"line":89,"column":32}},"42":{"start":{"line":90,"column":8},"end":{"line":90,"column":56}},"43":{"start":{"line":93,"column":8},"end":{"line":102,"column":11}},"44":{"start":{"line":94,"column":12},"end":{"line":94,"column":30}},"45":{"start":{"line":95,"column":12},"end":{"line":101,"column":13}},"46":{"start":{"line":96,"column":16},"end":{"line":96,"column":38}},"47":{"start":{"line":97,"column":19},"end":{"line":101,"column":13}},"48":{"start":{"line":98,"column":16},"end":{"line":98,"column":37}},"49":{"start":{"line":100,"column":16},"end":{"line":100,"column":36}}},"branchMap":{"1":{"line":22,"type":"if","locations":[{"start":{"line":22,"column":16},"end":{"line":22,"column":16}},{"start":{"line":22,"column":16},"end":{"line":22,"column":16}}]},"2":{"line":24,"type":"if","locations":[{"start":{"line":24,"column":23},"end":{"line":24,"column":23}},{"start":{"line":24,"column":23},"end":{"line":24,"column":23}}]},"3":{"line":39,"type":"if","locations":[{"start":{"line":39,"column":16},"end":{"line":39,"column":16}},{"start":{"line":39,"column":16},"end":{"line":39,"column":16}}]},"4":{"line":41,"type":"if","locations":[{"start":{"line":41,"column":23},"end":{"line":41,"column":23}},{"start":{"line":41,"column":23},"end":{"line":41,"column":23}}]},"5":{"line":57,"type":"if","locations":[{"start":{"line":57,"column":20},"end":{"line":57,"column":20}},{"start":{"line":57,"column":20},"end":{"line":57,"column":20}}]},"6":{"line":59,"type":"if","locations":[{"start":{"line":59,"column":27},"end":{"line":59,"column":27}},{"start":{"line":59,"column":27},"end":{"line":59,"column":27}}]},"7":{"line":66,"type":"if","locations":[{"start":{"line":66,"column":20},"end":{"line":66,"column":20}},{"start":{"line":66,"column":20},"end":{"line":66,"column":20}}]},"8":{"line":78,"type":"if","locations":[{"start":{"line":78,"column":12},"end":{"line":78,"column":12}},{"start":{"line":78,"column":12},"end":{"line":78,"column":12}}]},"9":{"line":80,"type":"if","locations":[{"start":{"line":80,"column":19},"end":{"line":80,"column":19}},{"start":{"line":80,"column":19},"end":{"line":80,"column":19}}]},"10":{"line":95,"type":"if","locations":[{"start":{"line":95,"column":12},"end":{"line":95,"column":12}},{"start":{"line":95,"column":12},"end":{"line":95,"column":12}}]},"11":{"line":97,"type":"if","locations":[{"start":{"line":97,"column":19},"end":{"line":97,"column":19}},{"start":{"line":97,"column":19},"end":{"line":97,"column":19}}]}}},"/Users/caoyi/Desktop/S16-SV1-SSNoC/db/table_messages.js":{"path":"/Users/caoyi/Desktop/S16-SV1-SSNoC/db/table_messages.js","s":{"1":1,"2":6,"3":6,"4":6,"5":0,"6":0,"7":0,"8":2,"9":2,"10":2,"11":2,"12":0,"13":2,"14":2,"15":0,"16":2,"17":3,"18":3,"19":3,"20":3,"21":1,"22":1,"23":2,"24":2,"25":0,"26":0,"27":2},"b":{"1":[0,2],"2":[2,0],"3":[1,2],"4":[3,2],"5":[0,2]},"f":{"1":6,"2":6,"3":0,"4":0,"5":2,"6":2,"7":2,"8":3,"9":2},"fnMap":{"1":{"name":"(anonymous_1)","line":5,"loc":{"start":{"line":5,"column":17},"end":{"line":5,"column":30}}},"2":{"name":"(anonymous_2)","line":7,"loc":{"start":{"line":7,"column":21},"end":{"line":7,"column":32}}},"3":{"name":"(anonymous_3)","line":17,"loc":{"start":{"line":17,"column":23},"end":{"line":17,"column":42}}},"4":{"name":"(anonymous_4)","line":19,"loc":{"start":{"line":19,"column":21},"end":{"line":19,"column":32}}},"5":{"name":"(anonymous_5)","line":24,"loc":{"start":{"line":24,"column":17},"end":{"line":24,"column":39}}},"6":{"name":"(anonymous_6)","line":27,"loc":{"start":{"line":27,"column":23},"end":{"line":27,"column":44}}},"7":{"name":"(anonymous_7)","line":35,"loc":{"start":{"line":35,"column":11},"end":{"line":35,"column":22}}},"8":{"name":"(anonymous_8)","line":40,"loc":{"start":{"line":40,"column":17},"end":{"line":40,"column":45}}},"9":{"name":"(anonymous_9)","line":51,"loc":{"start":{"line":51,"column":12},"end":{"line":51,"column":28}}}},"statementMap":{"1":{"start":{"line":3,"column":0},"end":{"line":60,"column":2}},"2":{"start":{"line":6,"column":8},"end":{"line":6,"column":51}},"3":{"start":{"line":7,"column":8},"end":{"line":14,"column":11}},"4":{"start":{"line":8,"column":12},"end":{"line":13,"column":21}},"5":{"start":{"line":18,"column":8},"end":{"line":18,"column":65}},"6":{"start":{"line":19,"column":8},"end":{"line":21,"column":11}},"7":{"start":{"line":20,"column":12},"end":{"line":20,"column":43}},"8":{"start":{"line":25,"column":8},"end":{"line":25,"column":95}},"9":{"start":{"line":26,"column":8},"end":{"line":26,"column":26}},"10":{"start":{"line":27,"column":8},"end":{"line":37,"column":11}},"11":{"start":{"line":28,"column":12},"end":{"line":34,"column":13}},"12":{"start":{"line":29,"column":16},"end":{"line":29,"column":37}},"13":{"start":{"line":30,"column":19},"end":{"line":34,"column":13}},"14":{"start":{"line":31,"column":16},"end":{"line":31,"column":35}},"15":{"start":{"line":33,"column":16},"end":{"line":33,"column":26}},"16":{"start":{"line":36,"column":12},"end":{"line":36,"column":36}},"17":{"start":{"line":41,"column":8},"end":{"line":41,"column":32}},"18":{"start":{"line":42,"column":8},"end":{"line":42,"column":35}},"19":{"start":{"line":43,"column":8},"end":{"line":43,"column":42}},"20":{"start":{"line":45,"column":8},"end":{"line":48,"column":9}},"21":{"start":{"line":46,"column":12},"end":{"line":46,"column":39}},"22":{"start":{"line":47,"column":12},"end":{"line":47,"column":20}},"23":{"start":{"line":50,"column":8},"end":{"line":58,"column":15}},"24":{"start":{"line":52,"column":16},"end":{"line":57,"column":17}},"25":{"start":{"line":53,"column":20},"end":{"line":53,"column":82}},"26":{"start":{"line":54,"column":20},"end":{"line":54,"column":41}},"27":{"start":{"line":56,"column":20},"end":{"line":56,"column":40}}},"branchMap":{"1":{"line":28,"type":"if","locations":[{"start":{"line":28,"column":12},"end":{"line":28,"column":12}},{"start":{"line":28,"column":12},"end":{"line":28,"column":12}}]},"2":{"line":30,"type":"if","locations":[{"start":{"line":30,"column":19},"end":{"line":30,"column":19}},{"start":{"line":30,"column":19},"end":{"line":30,"column":19}}]},"3":{"line":45,"type":"if","locations":[{"start":{"line":45,"column":8},"end":{"line":45,"column":8}},{"start":{"line":45,"column":8},"end":{"line":45,"column":8}}]},"4":{"line":45,"type":"binary-expr","locations":[{"start":{"line":45,"column":12},"end":{"line":45,"column":30}},{"start":{"line":45,"column":34},"end":{"line":45,"column":57}}]},"5":{"line":52,"type":"if","locations":[{"start":{"line":52,"column":16},"end":{"line":52,"column":16}},{"start":{"line":52,"column":16},"end":{"line":52,"column":16}}]}}},"/Users/caoyi/Desktop/S16-SV1-SSNoC/db/table_private_messages.js":{"path":"/Users/caoyi/Desktop/S16-SV1-SSNoC/db/table_private_messages.js","s":{"1":1,"2":6,"3":6,"4":6,"5":2,"6":2,"7":2,"8":3,"9":0,"10":3,"11":3,"12":0,"13":2,"14":2,"15":2,"16":2,"17":2,"18":3,"19":0,"20":0,"21":3,"22":0,"23":3,"24":2,"25":3,"26":3,"27":3,"28":3,"29":3,"30":3,"31":3,"32":0,"33":0,"34":3},"b":{"1":[0,3],"2":[3,0],"3":[0,3],"4":[0,3],"5":[0,3]},"f":{"1":6,"2":6,"3":2,"4":3,"5":2,"6":2,"7":3,"8":2,"9":3,"10":3},"fnMap":{"1":{"name":"(anonymous_1)","line":3,"loc":{"start":{"line":3,"column":15},"end":{"line":3,"column":28}}},"2":{"name":"(anonymous_2)","line":5,"loc":{"start":{"line":5,"column":17},"end":{"line":5,"column":28}}},"3":{"name":"(anonymous_3)","line":16,"loc":{"start":{"line":16,"column":25},"end":{"line":16,"column":45}}},"4":{"name":"(anonymous_4)","line":19,"loc":{"start":{"line":19,"column":18},"end":{"line":19,"column":39}}},"5":{"name":"(anonymous_5)","line":27,"loc":{"start":{"line":27,"column":7},"end":{"line":27,"column":17}}},"6":{"name":"(anonymous_6)","line":32,"loc":{"start":{"line":32,"column":21},"end":{"line":32,"column":46}}},"7":{"name":"(anonymous_7)","line":39,"loc":{"start":{"line":39,"column":171},"end":{"line":39,"column":191}}},"8":{"name":"(anonymous_8)","line":49,"loc":{"start":{"line":49,"column":6},"end":{"line":49,"column":16}}},"9":{"name":"(anonymous_9)","line":57,"loc":{"start":{"line":57,"column":22},"end":{"line":57,"column":47}}},"10":{"name":"(anonymous_10)","line":66,"loc":{"start":{"line":66,"column":130},"end":{"line":66,"column":145}}}},"statementMap":{"1":{"start":{"line":2,"column":0},"end":{"line":78,"column":1}},"2":{"start":{"line":4,"column":4},"end":{"line":4,"column":55}},"3":{"start":{"line":5,"column":4},"end":{"line":13,"column":7}},"4":{"start":{"line":6,"column":6},"end":{"line":12,"column":11}},"5":{"start":{"line":17,"column":4},"end":{"line":17,"column":109}},"6":{"start":{"line":18,"column":4},"end":{"line":18,"column":20}},"7":{"start":{"line":19,"column":4},"end":{"line":29,"column":7}},"8":{"start":{"line":20,"column":6},"end":{"line":26,"column":7}},"9":{"start":{"line":21,"column":8},"end":{"line":21,"column":29}},"10":{"start":{"line":22,"column":13},"end":{"line":26,"column":7}},"11":{"start":{"line":23,"column":8},"end":{"line":23,"column":27}},"12":{"start":{"line":25,"column":8},"end":{"line":25,"column":18}},"13":{"start":{"line":28,"column":6},"end":{"line":28,"column":29}},"14":{"start":{"line":33,"column":4},"end":{"line":33,"column":32}},"15":{"start":{"line":34,"column":4},"end":{"line":34,"column":32}},"16":{"start":{"line":38,"column":4},"end":{"line":38,"column":20}},"17":{"start":{"line":39,"column":4},"end":{"line":55,"column":9}},"18":{"start":{"line":40,"column":6},"end":{"line":48,"column":7}},"19":{"start":{"line":41,"column":8},"end":{"line":41,"column":62}},"20":{"start":{"line":42,"column":8},"end":{"line":42,"column":29}},"21":{"start":{"line":43,"column":12},"end":{"line":48,"column":7}},"22":{"start":{"line":44,"column":8},"end":{"line":44,"column":29}},"23":{"start":{"line":47,"column":8},"end":{"line":47,"column":27}},"24":{"start":{"line":54,"column":8},"end":{"line":54,"column":31}},"25":{"start":{"line":58,"column":4},"end":{"line":58,"column":32}},"26":{"start":{"line":59,"column":4},"end":{"line":59,"column":32}},"27":{"start":{"line":60,"column":4},"end":{"line":60,"column":29}},"28":{"start":{"line":61,"column":4},"end":{"line":61,"column":31}},"29":{"start":{"line":65,"column":4},"end":{"line":65,"column":54}},"30":{"start":{"line":66,"column":4},"end":{"line":73,"column":7}},"31":{"start":{"line":67,"column":6},"end":{"line":72,"column":7}},"32":{"start":{"line":68,"column":8},"end":{"line":68,"column":53}},"33":{"start":{"line":69,"column":8},"end":{"line":69,"column":28}},"34":{"start":{"line":71,"column":8},"end":{"line":71,"column":27}}},"branchMap":{"1":{"line":20,"type":"if","locations":[{"start":{"line":20,"column":6},"end":{"line":20,"column":6}},{"start":{"line":20,"column":6},"end":{"line":20,"column":6}}]},"2":{"line":22,"type":"if","locations":[{"start":{"line":22,"column":13},"end":{"line":22,"column":13}},{"start":{"line":22,"column":13},"end":{"line":22,"column":13}}]},"3":{"line":40,"type":"if","locations":[{"start":{"line":40,"column":6},"end":{"line":40,"column":6}},{"start":{"line":40,"column":6},"end":{"line":40,"column":6}}]},"4":{"line":43,"type":"if","locations":[{"start":{"line":43,"column":12},"end":{"line":43,"column":12}},{"start":{"line":43,"column":12},"end":{"line":43,"column":12}}]},"5":{"line":67,"type":"if","locations":[{"start":{"line":67,"column":6},"end":{"line":67,"column":6}},{"start":{"line":67,"column":6},"end":{"line":67,"column":6}}]}}},"/Users/caoyi/Desktop/S16-SV1-SSNoC/db/table_announcements.js":{"path":"/Users/caoyi/Desktop/S16-SV1-SSNoC/db/table_announcements.js","s":{"1":1,"2":6,"3":6,"4":6,"5":1,"6":1,"7":1,"8":1,"9":0,"10":0,"11":1,"12":1,"13":0,"14":1,"15":2,"16":2,"17":2,"18":2,"19":2,"20":2,"21":0,"22":2},"b":{"1":[0,1],"2":[1,0],"3":[0,2]},"f":{"1":6,"2":6,"3":1,"4":1,"5":1,"6":2,"7":2},"fnMap":{"1":{"name":"(anonymous_1)","line":3,"loc":{"start":{"line":3,"column":15},"end":{"line":3,"column":28}}},"2":{"name":"(anonymous_2)","line":5,"loc":{"start":{"line":5,"column":17},"end":{"line":5,"column":28}}},"3":{"name":"(anonymous_3)","line":15,"loc":{"start":{"line":15,"column":23},"end":{"line":15,"column":43}}},"4":{"name":"(anonymous_4)","line":18,"loc":{"start":{"line":18,"column":19},"end":{"line":18,"column":39}}},"5":{"name":"(anonymous_5)","line":27,"loc":{"start":{"line":27,"column":7},"end":{"line":27,"column":17}}},"6":{"name":"(anonymous_6)","line":32,"loc":{"start":{"line":32,"column":22},"end":{"line":32,"column":49}}},"7":{"name":"(anonymous_7)","line":38,"loc":{"start":{"line":38,"column":6},"end":{"line":38,"column":22}}}},"statementMap":{"1":{"start":{"line":1,"column":0},"end":{"line":46,"column":1}},"2":{"start":{"line":4,"column":4},"end":{"line":4,"column":52}},"3":{"start":{"line":5,"column":4},"end":{"line":12,"column":7}},"4":{"start":{"line":6,"column":6},"end":{"line":11,"column":11}},"5":{"start":{"line":16,"column":4},"end":{"line":16,"column":25}},"6":{"start":{"line":17,"column":4},"end":{"line":17,"column":101}},"7":{"start":{"line":18,"column":4},"end":{"line":29,"column":7}},"8":{"start":{"line":19,"column":6},"end":{"line":26,"column":7}},"9":{"start":{"line":20,"column":8},"end":{"line":20,"column":59}},"10":{"start":{"line":21,"column":8},"end":{"line":21,"column":29}},"11":{"start":{"line":22,"column":12},"end":{"line":26,"column":7}},"12":{"start":{"line":23,"column":8},"end":{"line":23,"column":32}},"13":{"start":{"line":25,"column":8},"end":{"line":25,"column":18}},"14":{"start":{"line":28,"column":6},"end":{"line":28,"column":34}},"15":{"start":{"line":33,"column":4},"end":{"line":33,"column":32}},"16":{"start":{"line":34,"column":4},"end":{"line":34,"column":44}},"17":{"start":{"line":35,"column":4},"end":{"line":35,"column":38}},"18":{"start":{"line":36,"column":4},"end":{"line":36,"column":93}},"19":{"start":{"line":37,"column":4},"end":{"line":44,"column":7}},"20":{"start":{"line":39,"column":8},"end":{"line":43,"column":9}},"21":{"start":{"line":40,"column":10},"end":{"line":40,"column":40}},"22":{"start":{"line":42,"column":10},"end":{"line":42,"column":47}}},"branchMap":{"1":{"line":19,"type":"if","locations":[{"start":{"line":19,"column":6},"end":{"line":19,"column":6}},{"start":{"line":19,"column":6},"end":{"line":19,"column":6}}]},"2":{"line":22,"type":"if","locations":[{"start":{"line":22,"column":12},"end":{"line":22,"column":12}},{"start":{"line":22,"column":12},"end":{"line":22,"column":12}}]},"3":{"line":39,"type":"if","locations":[{"start":{"line":39,"column":8},"end":{"line":39,"column":8}},{"start":{"line":39,"column":8},"end":{"line":39,"column":8}}]}}},"/Users/caoyi/Desktop/S16-SV1-SSNoC/db/table_status.js":{"path":"/Users/caoyi/Desktop/S16-SV1-SSNoC/db/table_status.js","s":{"1":1,"2":6,"3":6,"4":6,"5":2,"6":2,"7":2,"8":2,"9":0,"10":2,"11":1,"12":1,"13":1,"14":1,"15":0,"16":1,"17":1,"18":1,"19":1,"20":1,"21":0,"22":1},"b":{"1":[0,2],"2":[0,1],"3":[0,1]},"f":{"1":6,"2":6,"3":2,"4":2,"5":1,"6":1,"7":1,"8":1},"fnMap":{"1":{"name":"(anonymous_1)","line":2,"loc":{"start":{"line":2,"column":15},"end":{"line":2,"column":28}}},"2":{"name":"(anonymous_2)","line":4,"loc":{"start":{"line":4,"column":17},"end":{"line":4,"column":28}}},"3":{"name":"(anonymous_3)","line":13,"loc":{"start":{"line":13,"column":16},"end":{"line":13,"column":44}}},"4":{"name":"(anonymous_4)","line":17,"loc":{"start":{"line":17,"column":6},"end":{"line":17,"column":22}}},"5":{"name":"(anonymous_5)","line":27,"loc":{"start":{"line":27,"column":13},"end":{"line":27,"column":41}}},"6":{"name":"(anonymous_6)","line":30,"loc":{"start":{"line":30,"column":6},"end":{"line":30,"column":28}}},"7":{"name":"(anonymous_7)","line":41,"loc":{"start":{"line":41,"column":16},"end":{"line":41,"column":44}}},"8":{"name":"(anonymous_8)","line":45,"loc":{"start":{"line":45,"column":6},"end":{"line":45,"column":22}}}},"statementMap":{"1":{"start":{"line":1,"column":0},"end":{"line":54,"column":2}},"2":{"start":{"line":3,"column":4},"end":{"line":3,"column":42}},"3":{"start":{"line":4,"column":4},"end":{"line":10,"column":7}},"4":{"start":{"line":5,"column":6},"end":{"line":9,"column":11}},"5":{"start":{"line":14,"column":4},"end":{"line":14,"column":38}},"6":{"start":{"line":15,"column":4},"end":{"line":15,"column":32}},"7":{"start":{"line":16,"column":4},"end":{"line":24,"column":6}},"8":{"start":{"line":18,"column":8},"end":{"line":22,"column":9}},"9":{"start":{"line":19,"column":10},"end":{"line":19,"column":31}},"10":{"start":{"line":21,"column":10},"end":{"line":21,"column":37}},"11":{"start":{"line":28,"column":4},"end":{"line":28,"column":38}},"12":{"start":{"line":29,"column":4},"end":{"line":38,"column":6}},"13":{"start":{"line":31,"column":8},"end":{"line":31,"column":26}},"14":{"start":{"line":32,"column":8},"end":{"line":36,"column":9}},"15":{"start":{"line":33,"column":10},"end":{"line":33,"column":31}},"16":{"start":{"line":35,"column":10},"end":{"line":35,"column":33}},"17":{"start":{"line":42,"column":4},"end":{"line":42,"column":38}},"18":{"start":{"line":43,"column":4},"end":{"line":43,"column":32}},"19":{"start":{"line":44,"column":4},"end":{"line":52,"column":6}},"20":{"start":{"line":46,"column":8},"end":{"line":50,"column":9}},"21":{"start":{"line":47,"column":10},"end":{"line":47,"column":31}},"22":{"start":{"line":49,"column":10},"end":{"line":49,"column":37}}},"branchMap":{"1":{"line":18,"type":"if","locations":[{"start":{"line":18,"column":8},"end":{"line":18,"column":8}},{"start":{"line":18,"column":8},"end":{"line":18,"column":8}}]},"2":{"line":32,"type":"if","locations":[{"start":{"line":32,"column":8},"end":{"line":32,"column":8}},{"start":{"line":32,"column":8},"end":{"line":32,"column":8}}]},"3":{"line":46,"type":"if","locations":[{"start":{"line":46,"column":8},"end":{"line":46,"column":8}},{"start":{"line":46,"column":8},"end":{"line":46,"column":8}}]}}},"/Users/caoyi/Desktop/S16-SV1-SSNoC/db/table_profile.js":{"path":"/Users/caoyi/Desktop/S16-SV1-SSNoC/db/table_profile.js","s":{"1":1,"2":6,"3":6,"4":6,"5":2,"6":2,"7":2,"8":2,"9":2,"10":2,"11":2,"12":2,"13":2,"14":2,"15":2,"16":2,"17":0,"18":0,"19":2,"20":2,"21":2,"22":2,"23":2,"24":2,"25":2,"26":0,"27":0,"28":2,"29":0,"30":2,"31":2},"b":{"1":[0,2],"2":[0,2],"3":[0,2]},"f":{"1":6,"2":6,"3":2,"4":2,"5":2,"6":2,"7":2},"fnMap":{"1":{"name":"(anonymous_1)","line":3,"loc":{"start":{"line":3,"column":14},"end":{"line":3,"column":27}}},"2":{"name":"(anonymous_2)","line":5,"loc":{"start":{"line":5,"column":15},"end":{"line":5,"column":26}}},"3":{"name":"(anonymous_3)","line":29,"loc":{"start":{"line":29,"column":17},"end":{"line":29,"column":42}}},"4":{"name":"(anonymous_4)","line":42,"loc":{"start":{"line":42,"column":220},"end":{"line":42,"column":235}}},"5":{"name":"(anonymous_5)","line":54,"loc":{"start":{"line":54,"column":16},"end":{"line":54,"column":41}}},"6":{"name":"(anonymous_6)","line":59,"loc":{"start":{"line":59,"column":160},"end":{"line":59,"column":180}}},"7":{"name":"(anonymous_7)","line":68,"loc":{"start":{"line":68,"column":6},"end":{"line":68,"column":16}}}},"statementMap":{"1":{"start":{"line":1,"column":0},"end":{"line":73,"column":2}},"2":{"start":{"line":4,"column":2},"end":{"line":4,"column":45}},"3":{"start":{"line":5,"column":2},"end":{"line":18,"column":5}},"4":{"start":{"line":6,"column":3},"end":{"line":16,"column":11}},"5":{"start":{"line":31,"column":7},"end":{"line":31,"column":60}},"6":{"start":{"line":33,"column":7},"end":{"line":33,"column":36}},"7":{"start":{"line":34,"column":7},"end":{"line":34,"column":32}},"8":{"start":{"line":35,"column":7},"end":{"line":35,"column":44}},"9":{"start":{"line":36,"column":7},"end":{"line":36,"column":28}},"10":{"start":{"line":37,"column":7},"end":{"line":37,"column":24}},"11":{"start":{"line":38,"column":7},"end":{"line":38,"column":26}},"12":{"start":{"line":39,"column":7},"end":{"line":39,"column":28}},"13":{"start":{"line":40,"column":7},"end":{"line":40,"column":42}},"14":{"start":{"line":41,"column":7},"end":{"line":41,"column":33}},"15":{"start":{"line":42,"column":7},"end":{"line":49,"column":7}},"16":{"start":{"line":43,"column":6},"end":{"line":48,"column":7}},"17":{"start":{"line":44,"column":8},"end":{"line":44,"column":44}},"18":{"start":{"line":45,"column":8},"end":{"line":45,"column":28}},"19":{"start":{"line":47,"column":8},"end":{"line":47,"column":27}},"20":{"start":{"line":55,"column":6},"end":{"line":55,"column":41}},"21":{"start":{"line":56,"column":6},"end":{"line":56,"column":44}},"22":{"start":{"line":57,"column":6},"end":{"line":57,"column":32}},"23":{"start":{"line":58,"column":6},"end":{"line":58,"column":22}},"24":{"start":{"line":59,"column":6},"end":{"line":70,"column":9}},"25":{"start":{"line":60,"column":6},"end":{"line":67,"column":7}},"26":{"start":{"line":61,"column":8},"end":{"line":61,"column":53}},"27":{"start":{"line":62,"column":8},"end":{"line":62,"column":29}},"28":{"start":{"line":63,"column":12},"end":{"line":67,"column":7}},"29":{"start":{"line":64,"column":8},"end":{"line":64,"column":29}},"30":{"start":{"line":66,"column":8},"end":{"line":66,"column":27}},"31":{"start":{"line":69,"column":8},"end":{"line":69,"column":31}}},"branchMap":{"1":{"line":43,"type":"if","locations":[{"start":{"line":43,"column":6},"end":{"line":43,"column":6}},{"start":{"line":43,"column":6},"end":{"line":43,"column":6}}]},"2":{"line":60,"type":"if","locations":[{"start":{"line":60,"column":6},"end":{"line":60,"column":6}},{"start":{"line":60,"column":6},"end":{"line":60,"column":6}}]},"3":{"line":63,"type":"if","locations":[{"start":{"line":63,"column":12},"end":{"line":63,"column":12}},{"start":{"line":63,"column":12},"end":{"line":63,"column":12}}]}}},"/Users/caoyi/Desktop/S16-SV1-SSNoC/models/status.js":{"path":"/Users/caoyi/Desktop/S16-SV1-SSNoC/models/status.js","s":{"1":1,"2":1,"3":2,"4":1,"5":1},"b":{},"f":{"1":2,"2":1,"3":1},"fnMap":{"1":{"name":"(anonymous_1)","line":4,"loc":{"start":{"line":4,"column":16},"end":{"line":4,"column":40}}},"2":{"name":"(anonymous_2)","line":7,"loc":{"start":{"line":7,"column":13},"end":{"line":7,"column":37}}},"3":{"name":"(anonymous_3)","line":10,"loc":{"start":{"line":10,"column":16},"end":{"line":10,"column":40}}}},"statementMap":{"1":{"start":{"line":1,"column":0},"end":{"line":1,"column":32}},"2":{"start":{"line":3,"column":0},"end":{"line":13,"column":1}},"3":{"start":{"line":5,"column":4},"end":{"line":5,"column":46}},"4":{"start":{"line":8,"column":4},"end":{"line":8,"column":43}},"5":{"start":{"line":11,"column":4},"end":{"line":11,"column":46}}},"branchMap":{}},"/Users/caoyi/Desktop/S16-SV1-SSNoC/routes/messages.js":{"path":"/Users/caoyi/Desktop/S16-SV1-SSNoC/routes/messages.js","s":{"1":1,"2":1,"3":1,"4":1,"5":1,"6":1,"7":1,"8":1,"9":1,"10":1},"b":{},"f":{},"fnMap":{},"statementMap":{"1":{"start":{"line":1,"column":0},"end":{"line":1,"column":33}},"2":{"start":{"line":2,"column":0},"end":{"line":2,"column":30}},"3":{"start":{"line":3,"column":0},"end":{"line":3,"column":71}},"4":{"start":{"line":6,"column":0},"end":{"line":6,"column":66}},"5":{"start":{"line":9,"column":0},"end":{"line":9,"column":82}},"6":{"start":{"line":11,"column":0},"end":{"line":11,"column":63}},"7":{"start":{"line":13,"column":0},"end":{"line":13,"column":64}},"8":{"start":{"line":15,"column":0},"end":{"line":15,"column":84}},"9":{"start":{"line":17,"column":0},"end":{"line":17,"column":69}},"10":{"start":{"line":19,"column":0},"end":{"line":19,"column":24}}},"branchMap":{}},"/Users/caoyi/Desktop/S16-SV1-SSNoC/controllers/messageController.js":{"path":"/Users/caoyi/Desktop/S16-SV1-SSNoC/controllers/messageController.js","s":{"1":1,"2":1,"3":1,"4":1,"5":0,"6":0,"7":0,"8":0,"9":1,"10":1,"11":0,"12":1,"13":2,"14":0,"15":2,"16":2,"17":2,"18":1,"19":1,"20":1,"21":1,"22":0,"23":1,"24":1,"25":1,"26":1,"27":0,"28":1,"29":3,"30":3,"31":3,"32":3,"33":3,"34":0,"35":3,"36":2,"37":2,"38":2,"39":0,"40":2,"41":1,"42":1,"43":1,"44":0,"45":1,"46":1,"47":1,"48":1,"49":1},"b":{"1":[0,0],"2":[0,1],"3":[0,2],"4":[1,1],"5":[0,1],"6":[0,1],"7":[0,3],"8":[2,1],"9":[0,2],"10":[1,1],"11":[0,1]},"f":{"1":0,"2":0,"3":1,"4":1,"5":2,"6":2,"7":1,"8":1,"9":1,"10":1,"11":3,"12":3,"13":2,"14":1},"fnMap":{"1":{"name":"(anonymous_1)","line":9,"loc":{"start":{"line":9,"column":20},"end":{"line":9,"column":40}}},"2":{"name":"(anonymous_2)","line":10,"loc":{"start":{"line":10,"column":34},"end":{"line":10,"column":58}}},"3":{"name":"(anonymous_3)","line":20,"loc":{"start":{"line":20,"column":20},"end":{"line":20,"column":40}}},"4":{"name":"(anonymous_4)","line":21,"loc":{"start":{"line":21,"column":31},"end":{"line":21,"column":58}}},"5":{"name":"(anonymous_5)","line":30,"loc":{"start":{"line":30,"column":17},"end":{"line":30,"column":37}}},"6":{"name":"(anonymous_6)","line":35,"loc":{"start":{"line":35,"column":32},"end":{"line":35,"column":56}}},"7":{"name":"(anonymous_7)","line":45,"loc":{"start":{"line":45,"column":27},"end":{"line":45,"column":47}}},"8":{"name":"(anonymous_8)","line":46,"loc":{"start":{"line":46,"column":45},"end":{"line":46,"column":72}}},"9":{"name":"(anonymous_9)","line":55,"loc":{"start":{"line":55,"column":24},"end":{"line":55,"column":44}}},"10":{"name":"(anonymous_10)","line":60,"loc":{"start":{"line":60,"column":41},"end":{"line":60,"column":68}}},"11":{"name":"(anonymous_11)","line":70,"loc":{"start":{"line":70,"column":25},"end":{"line":70,"column":45}}},"12":{"name":"(anonymous_12)","line":79,"loc":{"start":{"line":79,"column":28},"end":{"line":79,"column":52}}},"13":{"name":"(anonymous_13)","line":87,"loc":{"start":{"line":87,"column":40},"end":{"line":87,"column":64}}},"14":{"name":"(anonymous_14)","line":94,"loc":{"start":{"line":94,"column":66},"end":{"line":94,"column":90}}}},"statementMap":{"1":{"start":{"line":3,"column":0},"end":{"line":3,"column":40}},"2":{"start":{"line":4,"column":0},"end":{"line":4,"column":47}},"3":{"start":{"line":5,"column":0},"end":{"line":5,"column":60}},"4":{"start":{"line":7,"column":0},"end":{"line":116,"column":2}},"5":{"start":{"line":10,"column":8},"end":{"line":16,"column":11}},"6":{"start":{"line":11,"column":12},"end":{"line":15,"column":13}},"7":{"start":{"line":12,"column":16},"end":{"line":12,"column":69}},"8":{"start":{"line":14,"column":16},"end":{"line":14,"column":56}},"9":{"start":{"line":21,"column":8},"end":{"line":27,"column":11}},"10":{"start":{"line":22,"column":12},"end":{"line":26,"column":13}},"11":{"start":{"line":23,"column":16},"end":{"line":23,"column":36}},"12":{"start":{"line":25,"column":16},"end":{"line":25,"column":47}},"13":{"start":{"line":31,"column":8},"end":{"line":42,"column":9}},"14":{"start":{"line":32,"column":12},"end":{"line":32,"column":64}},"15":{"start":{"line":34,"column":12},"end":{"line":34,"column":108}},"16":{"start":{"line":35,"column":12},"end":{"line":41,"column":15}},"17":{"start":{"line":36,"column":16},"end":{"line":40,"column":17}},"18":{"start":{"line":37,"column":20},"end":{"line":37,"column":78}},"19":{"start":{"line":39,"column":20},"end":{"line":39,"column":60}},"20":{"start":{"line":46,"column":8},"end":{"line":52,"column":11}},"21":{"start":{"line":47,"column":12},"end":{"line":51,"column":13}},"22":{"start":{"line":48,"column":16},"end":{"line":48,"column":36}},"23":{"start":{"line":50,"column":16},"end":{"line":50,"column":47}},"24":{"start":{"line":56,"column":8},"end":{"line":59,"column":10}},"25":{"start":{"line":60,"column":8},"end":{"line":66,"column":17}},"26":{"start":{"line":61,"column":12},"end":{"line":65,"column":13}},"27":{"start":{"line":62,"column":16},"end":{"line":62,"column":66}},"28":{"start":{"line":64,"column":16},"end":{"line":64,"column":47}},"29":{"start":{"line":71,"column":8},"end":{"line":71,"column":50}},"30":{"start":{"line":72,"column":8},"end":{"line":77,"column":10}},"31":{"start":{"line":78,"column":8},"end":{"line":78,"column":49}},"32":{"start":{"line":79,"column":8},"end":{"line":114,"column":11}},"33":{"start":{"line":81,"column":12},"end":{"line":113,"column":13}},"34":{"start":{"line":82,"column":16},"end":{"line":82,"column":52}},"35":{"start":{"line":84,"column":16},"end":{"line":112,"column":17}},"36":{"start":{"line":86,"column":20},"end":{"line":86,"column":61}},"37":{"start":{"line":87,"column":20},"end":{"line":107,"column":23}},"38":{"start":{"line":88,"column":24},"end":{"line":106,"column":25}},"39":{"start":{"line":89,"column":28},"end":{"line":89,"column":64}},"40":{"start":{"line":91,"column":28},"end":{"line":105,"column":29}},"41":{"start":{"line":93,"column":32},"end":{"line":93,"column":72}},"42":{"start":{"line":94,"column":32},"end":{"line":100,"column":41}},"43":{"start":{"line":95,"column":36},"end":{"line":99,"column":37}},"44":{"start":{"line":96,"column":40},"end":{"line":96,"column":98}},"45":{"start":{"line":98,"column":40},"end":{"line":98,"column":80}},"46":{"start":{"line":103,"column":32},"end":{"line":103,"column":76}},"47":{"start":{"line":104,"column":32},"end":{"line":104,"column":67}},"48":{"start":{"line":110,"column":20},"end":{"line":110,"column":64}},"49":{"start":{"line":111,"column":20},"end":{"line":111,"column":55}}},"branchMap":{"1":{"line":11,"type":"if","locations":[{"start":{"line":11,"column":12},"end":{"line":11,"column":12}},{"start":{"line":11,"column":12},"end":{"line":11,"column":12}}]},"2":{"line":22,"type":"if","locations":[{"start":{"line":22,"column":12},"end":{"line":22,"column":12}},{"start":{"line":22,"column":12},"end":{"line":22,"column":12}}]},"3":{"line":31,"type":"if","locations":[{"start":{"line":31,"column":8},"end":{"line":31,"column":8}},{"start":{"line":31,"column":8},"end":{"line":31,"column":8}}]},"4":{"line":36,"type":"if","locations":[{"start":{"line":36,"column":16},"end":{"line":36,"column":16}},{"start":{"line":36,"column":16},"end":{"line":36,"column":16}}]},"5":{"line":47,"type":"if","locations":[{"start":{"line":47,"column":12},"end":{"line":47,"column":12}},{"start":{"line":47,"column":12},"end":{"line":47,"column":12}}]},"6":{"line":61,"type":"if","locations":[{"start":{"line":61,"column":12},"end":{"line":61,"column":12}},{"start":{"line":61,"column":12},"end":{"line":61,"column":12}}]},"7":{"line":81,"type":"if","locations":[{"start":{"line":81,"column":12},"end":{"line":81,"column":12}},{"start":{"line":81,"column":12},"end":{"line":81,"column":12}}]},"8":{"line":84,"type":"if","locations":[{"start":{"line":84,"column":16},"end":{"line":84,"column":16}},{"start":{"line":84,"column":16},"end":{"line":84,"column":16}}]},"9":{"line":88,"type":"if","locations":[{"start":{"line":88,"column":24},"end":{"line":88,"column":24}},{"start":{"line":88,"column":24},"end":{"line":88,"column":24}}]},"10":{"line":91,"type":"if","locations":[{"start":{"line":91,"column":28},"end":{"line":91,"column":28}},{"start":{"line":91,"column":28},"end":{"line":91,"column":28}}]},"11":{"line":95,"type":"if","locations":[{"start":{"line":95,"column":36},"end":{"line":95,"column":36}},{"start":{"line":95,"column":36},"end":{"line":95,"column":36}}]}}},"/Users/caoyi/Desktop/S16-SV1-SSNoC/models/messages.js":{"path":"/Users/caoyi/Desktop/S16-SV1-SSNoC/models/messages.js","s":{"1":1,"2":1,"3":2,"4":2,"5":2,"6":2,"7":1,"8":1,"9":1,"10":1,"11":1,"12":0,"13":1,"14":1,"15":1,"16":2,"17":1},"b":{"1":[1,0]},"f":{"1":2,"2":0,"3":1,"4":2},"fnMap":{"1":{"name":"(anonymous_1)","line":5,"loc":{"start":{"line":5,"column":14},"end":{"line":5,"column":53}}},"2":{"name":"(anonymous_2)","line":22,"loc":{"start":{"line":22,"column":28},"end":{"line":22,"column":46}}},"3":{"name":"(anonymous_3)","line":26,"loc":{"start":{"line":26,"column":25},"end":{"line":26,"column":43}}},"4":{"name":"(anonymous_4)","line":30,"loc":{"start":{"line":30,"column":32},"end":{"line":30,"column":50}}}},"statementMap":{"1":{"start":{"line":3,"column":0},"end":{"line":3,"column":40}},"2":{"start":{"line":5,"column":0},"end":{"line":10,"column":2}},"3":{"start":{"line":6,"column":4},"end":{"line":6,"column":25}},"4":{"start":{"line":7,"column":4},"end":{"line":7,"column":29}},"5":{"start":{"line":8,"column":4},"end":{"line":8,"column":27}},"6":{"start":{"line":9,"column":4},"end":{"line":9,"column":31}},"7":{"start":{"line":13,"column":0},"end":{"line":18,"column":1}},"8":{"start":{"line":15,"column":4},"end":{"line":17,"column":5}},"9":{"start":{"line":16,"column":8},"end":{"line":16,"column":34}},"10":{"start":{"line":20,"column":0},"end":{"line":20,"column":55}},"11":{"start":{"line":22,"column":0},"end":{"line":24,"column":2}},"12":{"start":{"line":23,"column":4},"end":{"line":23,"column":57}},"13":{"start":{"line":26,"column":0},"end":{"line":28,"column":2}},"14":{"start":{"line":27,"column":4},"end":{"line":27,"column":51}},"15":{"start":{"line":30,"column":0},"end":{"line":36,"column":2}},"16":{"start":{"line":31,"column":4},"end":{"line":35,"column":7}},"17":{"start":{"line":38,"column":0},"end":{"line":38,"column":25}}},"branchMap":{"1":{"line":15,"type":"if","locations":[{"start":{"line":15,"column":4},"end":{"line":15,"column":4}},{"start":{"line":15,"column":4},"end":{"line":15,"column":4}}]}}},"/Users/caoyi/Desktop/S16-SV1-SSNoC/models/privateMessage.js":{"path":"/Users/caoyi/Desktop/S16-SV1-SSNoC/models/privateMessage.js","s":{"1":1,"2":1,"3":1,"4":1,"5":1,"6":0},"b":{},"f":{"1":1,"2":1,"3":1,"4":0},"fnMap":{"1":{"name":"(anonymous_1)","line":6,"loc":{"start":{"line":6,"column":27},"end":{"line":6,"column":45}}},"2":{"name":"(anonymous_2)","line":10,"loc":{"start":{"line":10,"column":23},"end":{"line":10,"column":46}}},"3":{"name":"(anonymous_3)","line":14,"loc":{"start":{"line":14,"column":23},"end":{"line":14,"column":46}}},"4":{"name":"(anonymous_4)","line":18,"loc":{"start":{"line":18,"column":22},"end":{"line":18,"column":44}}}},"statementMap":{"1":{"start":{"line":3,"column":0},"end":{"line":3,"column":32}},"2":{"start":{"line":5,"column":0},"end":{"line":21,"column":2}},"3":{"start":{"line":7,"column":8},"end":{"line":7,"column":63}},"4":{"start":{"line":11,"column":8},"end":{"line":11,"column":63}},"5":{"start":{"line":15,"column":8},"end":{"line":15,"column":64}},"6":{"start":{"line":19,"column":8},"end":{"line":19,"column":55}}},"branchMap":{}},"/Users/caoyi/Desktop/S16-SV1-SSNoC/routes/announcements.js":{"path":"/Users/caoyi/Desktop/S16-SV1-SSNoC/routes/announcements.js","s":{"1":1,"2":1,"3":1,"4":1,"5":1,"6":1,"7":1},"b":{},"f":{},"fnMap":{},"statementMap":{"1":{"start":{"line":1,"column":0},"end":{"line":1,"column":33}},"2":{"start":{"line":2,"column":0},"end":{"line":2,"column":30}},"3":{"start":{"line":3,"column":0},"end":{"line":3,"column":81}},"4":{"start":{"line":6,"column":0},"end":{"line":6,"column":60}},"5":{"start":{"line":7,"column":0},"end":{"line":7,"column":58}},"6":{"start":{"line":8,"column":0},"end":{"line":8,"column":75}},"7":{"start":{"line":10,"column":0},"end":{"line":10,"column":24}}},"branchMap":{}},"/Users/caoyi/Desktop/S16-SV1-SSNoC/controllers/announcementController.js":{"path":"/Users/caoyi/Desktop/S16-SV1-SSNoC/controllers/announcementController.js","s":{"1":1,"2":1,"3":1,"4":1,"5":1,"6":1,"7":0,"8":1,"9":2,"10":2,"11":2,"12":2,"13":2,"14":0,"15":2,"16":1,"17":1,"18":0,"19":1,"20":1,"21":1},"b":{"1":[0,1],"2":[0,2],"3":[1,1],"4":[0,1]},"f":{"1":1,"2":1,"3":2,"4":2,"5":1},"fnMap":{"1":{"name":"(anonymous_1)","line":6,"loc":{"start":{"line":6,"column":22},"end":{"line":6,"column":41}}},"2":{"name":"(anonymous_2)","line":7,"loc":{"start":{"line":7,"column":36},"end":{"line":7,"column":68}}},"3":{"name":"(anonymous_3)","line":16,"loc":{"start":{"line":16,"column":19},"end":{"line":16,"column":38}}},"4":{"name":"(anonymous_4)","line":24,"loc":{"start":{"line":24,"column":24},"end":{"line":24,"column":48}}},"5":{"name":"(anonymous_5)","line":30,"loc":{"start":{"line":30,"column":38},"end":{"line":30,"column":62}}}},"statementMap":{"1":{"start":{"line":1,"column":0},"end":{"line":1,"column":56}},"2":{"start":{"line":2,"column":0},"end":{"line":2,"column":40}},"3":{"start":{"line":3,"column":0},"end":{"line":3,"column":31}},"4":{"start":{"line":5,"column":0},"end":{"line":45,"column":2}},"5":{"start":{"line":7,"column":3},"end":{"line":13,"column":6}},"6":{"start":{"line":8,"column":4},"end":{"line":12,"column":5}},"7":{"start":{"line":9,"column":5},"end":{"line":9,"column":25}},"8":{"start":{"line":11,"column":5},"end":{"line":11,"column":41}},"9":{"start":{"line":17,"column":2},"end":{"line":17,"column":57}},"10":{"start":{"line":18,"column":5},"end":{"line":22,"column":7}},"11":{"start":{"line":23,"column":2},"end":{"line":23,"column":41}},"12":{"start":{"line":24,"column":5},"end":{"line":43,"column":13}},"13":{"start":{"line":25,"column":8},"end":{"line":42,"column":9}},"14":{"start":{"line":26,"column":10},"end":{"line":26,"column":46}},"15":{"start":{"line":28,"column":10},"end":{"line":41,"column":8}},"16":{"start":{"line":30,"column":6},"end":{"line":36,"column":15}},"17":{"start":{"line":31,"column":7},"end":{"line":35,"column":8}},"18":{"start":{"line":32,"column":8},"end":{"line":32,"column":71}},"19":{"start":{"line":34,"column":8},"end":{"line":34,"column":53}},"20":{"start":{"line":39,"column":13},"end":{"line":39,"column":57}},"21":{"start":{"line":40,"column":13},"end":{"line":40,"column":48}}},"branchMap":{"1":{"line":8,"type":"if","locations":[{"start":{"line":8,"column":4},"end":{"line":8,"column":4}},{"start":{"line":8,"column":4},"end":{"line":8,"column":4}}]},"2":{"line":25,"type":"if","locations":[{"start":{"line":25,"column":8},"end":{"line":25,"column":8}},{"start":{"line":25,"column":8},"end":{"line":25,"column":8}}]},"3":{"line":28,"type":"if","locations":[{"start":{"line":28,"column":10},"end":{"line":28,"column":10}},{"start":{"line":28,"column":10},"end":{"line":28,"column":10}}]},"4":{"line":31,"type":"if","locations":[{"start":{"line":31,"column":7},"end":{"line":31,"column":7}},{"start":{"line":31,"column":7},"end":{"line":31,"column":7}}]}}},"/Users/caoyi/Desktop/S16-SV1-SSNoC/models/announcement.js":{"path":"/Users/caoyi/Desktop/S16-SV1-SSNoC/models/announcement.js","s":{"1":1,"2":1,"3":1,"4":1},"b":{},"f":{"1":1,"2":1},"fnMap":{"1":{"name":"(anonymous_1)","line":4,"loc":{"start":{"line":4,"column":22},"end":{"line":4,"column":40}}},"2":{"name":"(anonymous_2)","line":8,"loc":{"start":{"line":8,"column":21},"end":{"line":8,"column":45}}}},"statementMap":{"1":{"start":{"line":1,"column":0},"end":{"line":1,"column":32}},"2":{"start":{"line":3,"column":0},"end":{"line":12,"column":1}},"3":{"start":{"line":5,"column":2},"end":{"line":5,"column":52}},"4":{"start":{"line":9,"column":2},"end":{"line":9,"column":57}}},"branchMap":{}},"/Users/caoyi/Desktop/S16-SV1-SSNoC/routes/status.js":{"path":"/Users/caoyi/Desktop/S16-SV1-SSNoC/routes/status.js","s":{"1":1,"2":1,"3":1,"4":1,"5":1,"6":1},"b":{},"f":{},"fnMap":{},"statementMap":{"1":{"start":{"line":1,"column":0},"end":{"line":1,"column":33}},"2":{"start":{"line":2,"column":0},"end":{"line":2,"column":30}},"3":{"start":{"line":3,"column":0},"end":{"line":3,"column":69}},"4":{"start":{"line":6,"column":0},"end":{"line":6,"column":54}},"5":{"start":{"line":7,"column":0},"end":{"line":7,"column":48}},"6":{"start":{"line":9,"column":0},"end":{"line":9,"column":24}}},"branchMap":{}},"/Users/caoyi/Desktop/S16-SV1-SSNoC/controllers/statusController.js":{"path":"/Users/caoyi/Desktop/S16-SV1-SSNoC/controllers/statusController.js","s":{"1":1,"2":1,"3":1,"4":2,"5":2,"6":2,"7":0,"8":2,"9":1,"10":1,"11":1,"12":0,"13":1,"14":1,"15":2,"16":2,"17":2,"18":0,"19":2,"20":1,"21":1,"22":1,"23":0,"24":1,"25":1},"b":{"1":[0,2],"2":[1,1],"3":[0,1],"4":[0,2],"5":[1,1],"6":[0,1]},"f":{"1":2,"2":2,"3":1,"4":2,"5":2,"6":1},"fnMap":{"1":{"name":"(anonymous_1)","line":7,"loc":{"start":{"line":7,"column":15},"end":{"line":7,"column":35}}},"2":{"name":"(anonymous_2)","line":10,"loc":{"start":{"line":10,"column":27},"end":{"line":10,"column":52}}},"3":{"name":"(anonymous_3)","line":17,"loc":{"start":{"line":17,"column":33},"end":{"line":17,"column":58}}},"4":{"name":"(anonymous_4)","line":30,"loc":{"start":{"line":30,"column":18},"end":{"line":30,"column":38}}},"5":{"name":"(anonymous_5)","line":32,"loc":{"start":{"line":32,"column":27},"end":{"line":32,"column":52}}},"6":{"name":"(anonymous_6)","line":40,"loc":{"start":{"line":40,"column":36},"end":{"line":40,"column":61}}}},"statementMap":{"1":{"start":{"line":3,"column":0},"end":{"line":3,"column":40}},"2":{"start":{"line":4,"column":0},"end":{"line":4,"column":44}},"3":{"start":{"line":6,"column":0},"end":{"line":52,"column":2}},"4":{"start":{"line":9,"column":8},"end":{"line":9,"column":50}},"5":{"start":{"line":10,"column":8},"end":{"line":27,"column":11}},"6":{"start":{"line":11,"column":12},"end":{"line":26,"column":13}},"7":{"start":{"line":12,"column":16},"end":{"line":12,"column":52}},"8":{"start":{"line":13,"column":19},"end":{"line":26,"column":13}},"9":{"start":{"line":14,"column":16},"end":{"line":16,"column":18}},"10":{"start":{"line":17,"column":16},"end":{"line":23,"column":25}},"11":{"start":{"line":18,"column":20},"end":{"line":22,"column":21}},"12":{"start":{"line":19,"column":24},"end":{"line":19,"column":60}},"13":{"start":{"line":21,"column":24},"end":{"line":21,"column":53}},"14":{"start":{"line":25,"column":16},"end":{"line":25,"column":60}},"15":{"start":{"line":31,"column":8},"end":{"line":31,"column":48}},"16":{"start":{"line":32,"column":8},"end":{"line":50,"column":11}},"17":{"start":{"line":33,"column":12},"end":{"line":49,"column":13}},"18":{"start":{"line":34,"column":16},"end":{"line":34,"column":52}},"19":{"start":{"line":35,"column":19},"end":{"line":49,"column":13}},"20":{"start":{"line":36,"column":16},"end":{"line":39,"column":18}},"21":{"start":{"line":40,"column":16},"end":{"line":46,"column":25}},"22":{"start":{"line":41,"column":20},"end":{"line":45,"column":21}},"23":{"start":{"line":42,"column":24},"end":{"line":42,"column":60}},"24":{"start":{"line":44,"column":24},"end":{"line":44,"column":62}},"25":{"start":{"line":48,"column":16},"end":{"line":48,"column":60}}},"branchMap":{"1":{"line":11,"type":"if","locations":[{"start":{"line":11,"column":12},"end":{"line":11,"column":12}},{"start":{"line":11,"column":12},"end":{"line":11,"column":12}}]},"2":{"line":13,"type":"if","locations":[{"start":{"line":13,"column":19},"end":{"line":13,"column":19}},{"start":{"line":13,"column":19},"end":{"line":13,"column":19}}]},"3":{"line":18,"type":"if","locations":[{"start":{"line":18,"column":20},"end":{"line":18,"column":20}},{"start":{"line":18,"column":20},"end":{"line":18,"column":20}}]},"4":{"line":33,"type":"if","locations":[{"start":{"line":33,"column":12},"end":{"line":33,"column":12}},{"start":{"line":33,"column":12},"end":{"line":33,"column":12}}]},"5":{"line":35,"type":"if","locations":[{"start":{"line":35,"column":19},"end":{"line":35,"column":19}},{"start":{"line":35,"column":19},"end":{"line":35,"column":19}}]},"6":{"line":41,"type":"if","locations":[{"start":{"line":41,"column":20},"end":{"line":41,"column":20}},{"start":{"line":41,"column":20},"end":{"line":41,"column":20}}]}}},"/Users/caoyi/Desktop/S16-SV1-SSNoC/routes/profile.js":{"path":"/Users/caoyi/Desktop/S16-SV1-SSNoC/routes/profile.js","s":{"1":1,"2":1,"3":1,"4":1,"5":1,"6":1},"b":{},"f":{},"fnMap":{},"statementMap":{"1":{"start":{"line":1,"column":0},"end":{"line":1,"column":33}},"2":{"start":{"line":2,"column":0},"end":{"line":2,"column":30}},"3":{"start":{"line":3,"column":0},"end":{"line":3,"column":71}},"4":{"start":{"line":6,"column":0},"end":{"line":6,"column":59}},"5":{"start":{"line":9,"column":0},"end":{"line":9,"column":60}},"6":{"start":{"line":11,"column":0},"end":{"line":11,"column":24}}},"branchMap":{}},"/Users/caoyi/Desktop/S16-SV1-SSNoC/controllers/profileController.js":{"path":"/Users/caoyi/Desktop/S16-SV1-SSNoC/controllers/profileController.js","s":{"1":1,"2":1,"3":1,"4":1,"5":1,"6":1,"7":1,"8":1,"9":1,"10":1,"11":1,"12":0,"13":1,"14":1,"15":1,"16":1,"17":1,"18":1,"19":1,"20":1,"21":0,"22":1},"b":{"1":[0,1],"2":[0,1]},"f":{"1":1,"2":1,"3":1,"4":1},"fnMap":{"1":{"name":"(anonymous_1)","line":5,"loc":{"start":{"line":5,"column":14},"end":{"line":5,"column":33}}},"2":{"name":"(anonymous_2)","line":25,"loc":{"start":{"line":25,"column":22},"end":{"line":25,"column":45}}},"3":{"name":"(anonymous_3)","line":33,"loc":{"start":{"line":33,"column":13},"end":{"line":33,"column":32}}},"4":{"name":"(anonymous_4)","line":42,"loc":{"start":{"line":42,"column":24},"end":{"line":42,"column":49}}}},"statementMap":{"1":{"start":{"line":1,"column":0},"end":{"line":1,"column":40}},"2":{"start":{"line":2,"column":0},"end":{"line":2,"column":46}},"3":{"start":{"line":4,"column":0},"end":{"line":51,"column":2}},"4":{"start":{"line":8,"column":2},"end":{"line":8,"column":34}},"5":{"start":{"line":9,"column":2},"end":{"line":9,"column":24}},"6":{"start":{"line":10,"column":8},"end":{"line":10,"column":32}},"7":{"start":{"line":11,"column":2},"end":{"line":21,"column":4}},"8":{"start":{"line":22,"column":8},"end":{"line":22,"column":51}},"9":{"start":{"line":23,"column":2},"end":{"line":23,"column":42}},"10":{"start":{"line":25,"column":2},"end":{"line":31,"column":11}},"11":{"start":{"line":26,"column":3},"end":{"line":30,"column":4}},"12":{"start":{"line":27,"column":4},"end":{"line":27,"column":62}},"13":{"start":{"line":29,"column":4},"end":{"line":29,"column":44}},"14":{"start":{"line":34,"column":2},"end":{"line":34,"column":24}},"15":{"start":{"line":36,"column":2},"end":{"line":36,"column":37}},"16":{"start":{"line":37,"column":5},"end":{"line":37,"column":57}},"17":{"start":{"line":38,"column":5},"end":{"line":40,"column":7}},"18":{"start":{"line":41,"column":5},"end":{"line":41,"column":36}},"19":{"start":{"line":42,"column":5},"end":{"line":48,"column":11}},"20":{"start":{"line":43,"column":3},"end":{"line":47,"column":4}},"21":{"start":{"line":44,"column":4},"end":{"line":44,"column":54}},"22":{"start":{"line":46,"column":4},"end":{"line":46,"column":34}}},"branchMap":{"1":{"line":26,"type":"if","locations":[{"start":{"line":26,"column":3},"end":{"line":26,"column":3}},{"start":{"line":26,"column":3},"end":{"line":26,"column":3}}]},"2":{"line":43,"type":"if","locations":[{"start":{"line":43,"column":3},"end":{"line":43,"column":3}},{"start":{"line":43,"column":3},"end":{"line":43,"column":3}}]}}},"/Users/caoyi/Desktop/S16-SV1-SSNoC/models/profile.js":{"path":"/Users/caoyi/Desktop/S16-SV1-SSNoC/models/profile.js","s":{"1":1,"2":1,"3":1,"4":1},"b":{},"f":{"1":1,"2":1},"fnMap":{"1":{"name":"(anonymous_1)","line":5,"loc":{"start":{"line":5,"column":14},"end":{"line":5,"column":38}}},"2":{"name":"(anonymous_2)","line":9,"loc":{"start":{"line":9,"column":13},"end":{"line":9,"column":37}}}},"statementMap":{"1":{"start":{"line":1,"column":0},"end":{"line":1,"column":32}},"2":{"start":{"line":3,"column":0},"end":{"line":13,"column":1}},"3":{"start":{"line":6,"column":1},"end":{"line":6,"column":43}},"4":{"start":{"line":10,"column":1},"end":{"line":10,"column":42}}},"branchMap":{}}}